<?xml version="1.0" encoding="UTF-8"?>
<!-- Generated by org.testng.reporters.JUnitReportReporter -->
<testsuite hostname="kargo" failures="0" tests="1" name="web_saucedemo.tests.testng.testcases.TC001_AddToCart_Checkout" time="3.552" errors="0" timestamp="2023-06-25T15:52:52 ICT" skipped="0">
  <testcase classname="web_saucedemo.tests.testng.testcases.TC001_AddToCart_Checkout" name="TC001_AddToCart_Checkout" time="3.552"/>
  <system-out/>
</testsuite> <!-- web_saucedemo.tests.testng.testcases.TC001_AddToCart_Checkout -->
